tid:0 3.198000	6.491000	47.538000	47.314000
tid:0 3.169000	6.486000	47.538000	47.300000
tid:0 3.216000	6.486000	47.552000	47.309000
tid:0 3.184000	6.481000	47.533000	47.314000
tid:0 3.207000	6.459000	47.565000	47.314000
tid:0 3.230000	6.491000	47.538000	47.300000
tid:0 3.184000	6.472000	47.552000	47.304000
tid:0 3.193000	6.500000	47.579000	47.281000
tid:0 3.198000	6.463000	47.543000	47.300000
tid:0 3.193000	6.537000	47.570000	47.309000
tid:0 3.198000	6.500000	47.533000	47.314000
tid:0 3.147000	6.523000	47.529000	47.333000
tid:0 3.169000	6.523000	47.552000	47.309000
tid:0 3.160000	6.500000	47.579000	47.295000
tid:0 3.179000	6.500000	47.547000	47.314000
tid:0 3.179000	6.537000	47.574000	47.295000
tid:0 3.184000	6.500000	47.565000	47.314000
tid:0 3.193000	6.542000	47.560000	47.309000
tid:0 3.179000	6.519000	47.547000	47.314000
tid:0 3.198000	6.477000	47.565000	47.328000
tid:0 3.198000	6.533000	47.552000	47.309000
tid:0 3.202000	6.486000	47.556000	47.318000
tid:0 3.188000	6.505000	47.547000	47.304000
tid:0 3.207000	6.477000	47.565000	47.318000
tid:0 3.221000	6.528000	47.589000	47.323000
tid:0 3.216000	6.537000	47.579000	47.333000
tid:0 3.174000	6.495000	47.570000	47.365000
tid:0 3.207000	6.463000	47.556000	47.290000
tid:0 3.133000	6.514000	47.533000	47.328000
tid:0 3.188000	6.486000	47.556000	47.337000
tid:0 3.179000	6.505000	47.529000	47.347000
tid:0 3.202000	6.500000	47.538000	47.314000
tid:0 3.184000	6.472000	47.565000	47.337000
tid:0 3.188000	6.463000	47.556000	47.333000
tid:0 3.193000	6.477000	47.538000	47.351000
tid:0 3.193000	6.509000	47.533000	47.342000
tid:0 3.221000	6.542000	47.556000	47.290000
tid:0 3.165000	6.459000	47.533000	47.328000
tid:0 3.221000	6.495000	47.529000	47.333000
tid:0 3.202000	6.509000	47.584000	47.300000
tid:0 3.230000	6.514000	47.556000	47.333000
tid:0 3.202000	6.491000	47.552000	47.314000
tid:0 3.212000	6.463000	47.584000	47.304000
tid:0 3.221000	6.463000	47.560000	47.337000
tid:0 3.254000	6.412000	47.510000	47.295000
tid:0 3.291000	6.388000	47.486000	47.290000
tid:0 3.328000	6.365000	47.482000	47.239000
tid:0 3.398000	6.341000	47.365000	47.183000
tid:0 3.463000	6.318000	47.286000	47.118000
tid:0 3.490000	6.388000	47.262000	47.085000
tid:0 3.561000	6.351000	47.193000	46.945000
tid:0 3.584000	6.370000	47.094000	46.903000
tid:0 3.834000	6.620000	46.844000	46.653000
tid:0 4.084000	6.631000	46.594000	46.403000
tid:0 4.236000	6.723000	46.344000	46.153000
tid:0 4.283000	6.761000	46.094000	45.903000
tid:0 4.357000	6.799000	45.919000	45.729000
tid:0 4.427000	6.835000	45.836000	45.645000
tid:0 4.450000	6.877000	45.733000	45.561000
tid:0 4.539000	6.915000	45.673000	45.458000
tid:0 4.595000	6.952000	45.566000	45.351000
tid:0 4.669000	7.036000	45.458000	45.248000
tid:0 4.706000	7.092000	45.328000	45.127000
tid:0 4.823000	7.166000	45.234000	45.058000
tid:0 4.912000	7.203000	45.127000	44.950000
tid:0 5.009000	7.278000	45.048000	44.866000
tid:0 5.070000	7.324000	44.912000	44.713000
tid:0 5.209000	7.380000	44.801000	44.581000
tid:0 5.303000	7.460000	44.661000	44.474000
tid:0 5.433000	7.543000	44.512000	44.372000
tid:0 5.517000	7.623000	44.405000	44.214000
tid:0 5.629000	7.716000	44.302000	44.111000
tid:0 5.704000	7.768000	44.176000	43.980000
tid:0 5.797000	7.832000	44.046000	43.859000
tid:0 5.867000	7.944000	43.947000	43.725000
tid:0 5.973000	7.694000	43.836000	43.640000
tid:0 6.057000	7.944000	43.761000	43.548000
tid:0 6.146000	8.177000	43.650000	43.426000
tid:0 6.267000	8.224000	43.505000	43.309000
tid:0 6.360000	8.344000	43.412000	43.203000
tid:0 6.472000	8.405000	43.286000	43.090000
tid:0 6.574000	8.475000	43.184000	42.992000
tid:0 6.653000	8.550000	43.077000	42.862000
tid:0 6.742000	8.606000	42.964000	42.773000
tid:0 6.840000	8.676000	42.872000	42.671000
tid:0 6.924000	8.736000	42.741000	42.569000
tid:0 7.017000	8.833000	42.666000	42.465000
tid:0 7.101000	8.899000	42.545000	42.359000
tid:0 7.194000	8.982000	42.489000	42.252000
tid:0 7.310000	9.039000	42.368000	42.163000
tid:0 7.376000	9.136000	42.284000	42.056000
tid:0 7.492000	9.216000	42.167000	41.948000
tid:0 7.641000	9.282000	42.051000	41.846000
tid:0 7.716000	9.370000	41.934000	41.725000
tid:0 7.827000	9.439000	41.832000	41.580000
tid:0 7.935000	9.514000	41.668000	41.524000
tid:0 8.018000	9.616000	41.603000	41.412000
tid:0 8.112000	9.695000	41.496000	41.305000
tid:0 8.228000	9.793000	41.384000	41.170000
tid:0 8.330000	9.873000	41.254000	41.081000
tid:0 8.420000	9.970000	41.174000	40.988000
tid:0 8.526000	10.036000	41.086000	40.867000
tid:0 8.601000	10.087000	40.983000	40.746000
tid:0 8.708000	10.227000	40.867000	40.638000
tid:0 8.833000	10.329000	40.763000	40.531000
tid:0 8.964000	10.409000	40.628000	40.405000
tid:0 9.072000	10.534000	40.498000	40.283000
tid:0 9.221000	10.609000	40.382000	40.167000
tid:0 9.285000	10.674000	40.288000	40.051000
tid:0 9.421000	10.804000	40.144000	39.930000
tid:0 9.514000	10.893000	40.027000	39.813000
tid:0 9.607000	11.014000	39.925000	39.692000
tid:0 9.728000	11.159000	39.813000	39.580000
tid:0 9.812000	11.206000	39.715000	39.444000
tid:0 9.943000	11.289000	39.607000	39.300000
tid:0 10.045000	11.392000	39.500000	39.179000
tid:0 10.190000	11.480000	39.384000	39.100000
tid:0 10.320000	11.605000	39.240000	39.020000
tid:0 10.413000	11.690000	39.108000	38.829000
tid:0 10.558000	11.806000	39.006000	38.670000
tid:0 10.669000	11.881000	38.866000	38.526000
tid:0 10.790000	12.011000	38.736000	38.438000
tid:0 10.893000	12.109000	38.624000	38.358000
tid:0 11.005000	12.277000	38.493000	38.204000
tid:0 11.107000	12.407000	38.363000	38.023000
tid:0 11.234000	12.496000	38.261000	37.892000
tid:0 11.341000	12.561000	38.129000	37.798000
tid:0 11.451000	12.677000	37.966000	37.645000
tid:0 11.559000	12.789000	37.878000	37.533000
tid:0 11.708000	12.902000	37.710000	37.361000
tid:0 11.872000	13.013000	37.599000	37.244000
tid:0 11.988000	13.106000	37.403000	37.146000
tid:0 12.137000	13.242000	37.268000	37.058000
tid:0 12.221000	13.362000	37.165000	36.899000
tid:0 12.342000	13.474000	37.067000	36.727000
tid:0 12.467000	13.623000	37.039000	36.592000
tid:0 12.589000	13.777000	36.789000	36.493000
tid:0 12.715000	13.847000	36.540000	36.493000
tid:0 12.836000	13.977000	36.391000	36.428000
tid:0 12.947000	14.098000	36.641000	36.228000
tid:0 13.111000	14.183000	36.391000	35.994000
tid:0 13.251000	14.294000	36.141000	35.893000
tid:0 13.353000	14.402000	35.891000	35.869000
tid:0 13.488000	14.565000	35.786000	35.720000
tid:0 13.609000	14.620000	35.654000	35.594000
tid:0 13.693000	14.760000	35.580000	35.468000
tid:0 13.838000	14.900000	35.417000	35.342000
tid:0 13.959000	15.036000	35.300000	35.142000
tid:0 14.085000	15.142000	35.221000	35.063000
tid:0 14.206000	15.236000	35.151000	34.909000
tid:0 14.322000	15.366000	34.964000	34.806000
tid:0 14.443000	15.477000	34.820000	34.746000
tid:0 14.606000	15.622000	34.647000	34.583000
tid:0 14.742000	15.739000	34.494000	34.452000
tid:0 14.863000	15.827000	34.457000	34.312000
tid:0 14.979000	15.967000	34.396000	34.163000
tid:0 15.105000	16.097000	34.270000	34.065000
tid:0 15.227000	16.219000	34.139000	33.916000
tid:0 15.333000	16.340000	34.051000	33.753000
tid:0 15.477000	16.452000	33.971000	33.637000
tid:0 15.571000	16.568000	33.803000	33.491000
tid:0 15.697000	16.685000	33.664000	33.398000
tid:0 15.799000	16.763000	33.576000	33.273000
tid:0 15.948000	16.899000	33.412000	33.128000
tid:0 16.121000	17.039000	33.282000	33.039000
tid:0 16.233000	17.151000	33.221000	32.890000
tid:0 16.368000	17.272000	33.081000	32.769000
tid:0 16.508000	17.425000	32.946000	32.639000
tid:0 16.628000	17.524000	32.815000	32.507000
tid:0 16.732000	17.640000	32.685000	32.377000
tid:0 16.857000	17.752000	32.540000	32.195000
tid:0 16.978000	17.854000	32.410000	32.121000
tid:0 17.099000	18.022000	32.312000	32.013000
tid:0 17.235000	18.106000	32.176000	31.883000
tid:0 17.384000	18.204000	32.079000	31.762000
tid:0 17.500000	18.339000	31.897000	31.604000
tid:0 17.664000	18.484000	31.767000	31.464000
tid:0 17.794000	18.604000	31.613000	31.337000
tid:0 17.928000	18.722000	31.496000	31.193000
tid:0 18.046000	18.814000	31.347000	31.077000
tid:0 18.167000	18.944000	31.263000	30.966000
tid:0 18.292000	19.093000	31.095000	30.793000
tid:0 18.413000	19.228000	30.988000	30.671000
tid:0 18.576000	19.322000	30.881000	30.597000
tid:0 18.703000	19.481000	30.788000	30.471000
tid:0 18.795000	19.625000	30.639000	30.304000
tid:0 18.925000	19.751000	30.490000	30.224000
tid:0 19.052000	19.890000	30.313000	29.991000
tid:0 19.228000	19.984000	30.182000	29.832000
tid:0 19.332000	20.090000	30.093000	29.730000
tid:0 19.490000	20.217000	29.935000	29.566000
tid:0 19.620000	20.343000	29.823000	29.436000
tid:0 19.732000	20.506000	29.683000	29.333000
tid:0 19.849000	20.664000	29.538000	29.165000
tid:0 19.975000	20.781000	29.446000	28.989000
tid:0 20.114000	20.883000	29.292000	28.843000
tid:0 20.263000	21.038000	29.147000	28.737000
tid:0 20.371000	21.168000	29.025000	28.592000
tid:0 20.539000	21.303000	28.895000	28.467000
tid:0 20.655000	21.400000	28.708000	28.332000
tid:0 20.818000	21.522000	28.606000	28.154000
tid:0 20.948000	21.652000	28.476000	28.037000
tid:0 21.093000	21.773000	28.345000	27.883000
tid:0 21.214000	21.903000	28.196000	27.753000
tid:0 21.373000	22.071000	28.131000	27.580000
tid:0 21.456000	22.179000	27.958000	27.488000
tid:0 21.582000	22.281000	27.790000	27.446000
tid:0 21.690000	22.416000	27.637000	27.334000
tid:0 21.792000	22.547000	27.525000	27.198000
tid:0 21.974000	22.678000	27.418000	27.059000
tid:0 22.128000	22.832000	27.288000	26.928000
tid:0 22.263000	22.981000	27.129000	26.831000
tid:0 22.379000	23.054000	26.985000	26.668000
tid:0 22.515000	23.217000	26.853000	26.560000
tid:0 22.631000	23.339000	26.709000	26.397000
tid:0 22.766000	23.465000	26.602000	26.304000
tid:0 22.882000	23.619000	26.448000	26.174000
tid:0 23.036000	23.726000	26.290000	26.001000
tid:0 23.134000	23.829000	26.238000	25.893000
tid:0 23.260000	23.959000	26.122000	25.805000
tid:0 23.399000	24.075000	25.921000	25.675000
tid:0 23.521000	24.179000	25.814000	25.534000
tid:0 23.656000	24.332000	25.702000	25.390000
tid:0 23.815000	24.491000	25.618000	25.259000
tid:0 23.950000	24.574000	25.511000	25.153000
tid:0 24.066000	24.709000	25.334000	24.985000
tid:0 24.215000	24.836000	25.260000	24.868000
tid:0 24.328000	24.976000	25.129000	24.714000
tid:0 24.467000	25.111000	25.036000	24.607000
tid:0 24.593000	25.246000	24.891000	24.486000
tid:0 24.700000	25.334000	24.789000	24.351000
tid:0 24.827000	25.483000	24.673000	24.215000
tid:0 24.985000	25.581000	24.532000	24.108000
tid:0 25.111000	25.721000	24.364000	23.955000
tid:0 25.259000	25.865000	24.276000	23.768000
tid:0 25.394000	26.015000	24.160000	23.652000
tid:0 25.493000	26.117000	24.025000	23.526000
tid:0 25.604000	26.243000	23.903000	23.418000
tid:0 25.725000	26.359000	23.759000	23.283000
tid:0 25.856000	26.486000	23.628000	23.106000
tid:0 26.001000	26.630000	23.488000	22.981000
tid:0 26.127000	26.765000	23.395000	22.855000
tid:0 26.276000	26.867000	23.260000	22.710000
tid:0 26.392000	27.003000	23.120000	22.575000
tid:0 26.569000	27.203000	22.995000	22.463000
tid:0 26.704000	27.302000	22.832000	22.305000
tid:0 26.858000	27.441000	22.733000	22.156000
tid:0 26.994000	27.552000	22.603000	22.011000
tid:0 27.115000	27.687000	22.515000	21.853000
tid:0 27.231000	27.864000	22.352000	21.736000
tid:0 27.394000	28.001000	22.188000	21.572000
tid:0 27.511000	28.140000	22.085000	21.517000
tid:0 27.646000	28.261000	21.880000	21.390000
tid:0 27.753000	28.354000	21.778000	21.294000
tid:0 27.893000	28.512000	21.647000	21.159000
tid:0 28.056000	28.639000	21.531000	20.934000
tid:0 28.247000	28.779000	21.395000	20.851000
tid:0 28.349000	28.923000	21.154000	20.743000
tid:0 28.512000	29.068000	21.024000	20.608000
tid:0 28.667000	29.207000	20.925000	20.497000
tid:0 28.793000	29.329000	20.809000	20.319000
tid:0 28.909000	29.469000	20.697000	20.142000
tid:0 29.035000	29.637000	20.543000	20.036000
tid:0 29.157000	29.734000	20.464000	19.914000
tid:0 29.329000	29.869000	20.324000	19.746000
tid:0 29.460000	29.982000	20.194000	19.658000
tid:0 29.576000	30.126000	20.058000	19.476000
tid:0 29.711000	30.252000	19.937000	19.369000
tid:0 29.883000	30.406000	19.812000	19.168000
tid:0 30.014000	30.494000	19.695000	19.103000
tid:0 30.140000	30.657000	19.542000	18.940000
tid:0 30.257000	30.788000	19.424000	18.833000
tid:0 30.359000	30.937000	19.308000	18.647000
tid:0 30.531000	31.040000	19.201000	18.493000
tid:0 30.625000	31.152000	19.098000	18.395000
tid:0 30.765000	31.310000	18.954000	18.273000
tid:0 30.923000	31.422000	18.814000	18.120000
tid:0 31.026000	31.547000	18.717000	17.999000
tid:0 31.152000	31.739000	18.576000	17.859000
tid:0 31.332000	31.897000	18.386000	17.752000
tid:0 31.454000	32.009000	18.273000	17.612000
tid:0 31.594000	32.116000	18.148000	17.468000
tid:0 31.710000	32.233000	18.041000	17.356000
tid:0 31.827000	32.396000	17.910000	17.179000
tid:0 31.949000	32.536000	17.771000	17.090000
tid:0 32.126000	32.675000	17.645000	16.997000
tid:0 32.228000	32.779000	17.524000	16.838000
tid:0 32.349000	32.876000	17.416000	16.689000
tid:0 32.479000	33.053000	17.281000	16.591000
tid:0 32.620000	33.174000	17.155000	16.424000
tid:0 32.764000	33.287000	17.020000	16.303000
tid:0 32.909000	33.436000	16.927000	16.158000
tid:0 33.020000	33.557000	16.763000	16.009000
tid:0 33.226000	33.682000	16.633000	15.888000
tid:0 33.309000	33.767000	16.559000	15.752000
tid:0 33.441000	33.911000	16.428000	15.650000
tid:0 33.552000	34.013000	16.284000	15.482000
tid:0 33.687000	34.158000	16.177000	15.380000
tid:0 33.803000	34.261000	16.056000	15.245000
tid:0 33.949000	34.405000	15.929000	15.180000
tid:0 34.051000	34.489000	15.780000	15.017000
tid:0 34.195000	34.611000	15.673000	14.882000
tid:0 34.382000	34.732000	15.538000	14.733000
tid:0 34.536000	34.928000	15.417000	14.606000
tid:0 34.675000	35.100000	15.296000	14.457000
tid:0 34.788000	34.850000	15.156000	14.378000
tid:0 34.942000	34.600000	15.040000	14.220000
tid:0 35.044000	34.850000	14.946000	14.081000
tid:0 35.170000	34.600000	14.797000	13.940000
tid:0 35.356000	34.350000	14.690000	13.838000
tid:0 35.403000	34.100000	14.565000	13.693000
tid:0 35.477000	33.850000	14.429000	13.535000
tid:0 35.636000	34.100000	14.294000	13.409000
tid:0 35.794000	33.850000	14.192000	13.288000
tid:0 35.962000	33.600000	14.071000	13.153000
tid:0 36.093000	33.850000	13.954000	13.023000
tid:0 36.167000	34.100000	13.847000	12.873000
tid:0 36.302000	34.350000	13.731000	12.770000
tid:0 36.428000	34.600000	13.599000	12.645000
tid:0 36.531000	34.850000	13.488000	12.533000
tid:0 36.675000	35.100000	13.400000	12.403000
tid:0 36.796000	35.350000	13.297000	12.267000
tid:0 36.946000	35.600000	13.172000	12.142000
tid:0 37.105000	35.850000	13.051000	12.016000
tid:0 37.282000	36.100000	12.916000	11.867000
tid:0 37.379000	36.350000	12.780000	11.741000
tid:0 37.514000	36.600000	12.668000	11.638000
tid:0 37.616000	36.850000	12.552000	11.461000
tid:0 37.859000	37.100000	12.458000	11.368000
tid:0 37.911000	37.350000	12.351000	11.243000
tid:0 38.051000	37.600000	12.231000	11.094000
tid:0 38.181000	37.850000	12.128000	10.963000
tid:0 38.307000	38.100000	12.002000	10.856000
tid:0 38.460000	38.350000	11.904000	10.688000
tid:0 38.592000	38.600000	11.792000	10.586000
tid:0 38.769000	38.850000	11.615000	10.464000
tid:0 38.862000	39.100000	11.527000	10.343000
tid:0 38.992000	39.350000	11.373000	10.194000
tid:0 39.122000	39.571000	11.312000	10.102000
tid:0 39.244000	39.706000	11.206000	9.938000
tid:0 39.394000	39.869000	11.089000	9.830000
tid:0 39.486000	39.971000	10.963000	9.644000
tid:0 39.659000	39.721000	10.879000	9.518000
tid:0 39.784000	39.471000	10.776000	9.431000
tid:0 39.916000	39.221000	10.641000	9.323000
tid:0 40.037000	39.471000	10.515000	9.174000
tid:0 40.153000	39.721000	10.408000	9.062000
tid:0 40.316000	39.471000	10.301000	8.913000
tid:0 40.451000	39.221000	10.194000	8.801000
tid:0 40.554000	38.971000	10.083000	8.676000
tid:0 40.708000	38.721000	9.975000	8.583000
tid:0 40.867000	38.471000	9.854000	8.452000
tid:0 40.945000	38.221000	9.780000	8.302000
tid:0 41.077000	37.971000	9.691000	8.200000
tid:0 41.207000	37.721000	9.607000	8.056000
tid:0 41.295000	37.471000	9.490000	7.939000
tid:0 41.449000	37.221000	9.421000	7.846000
tid:0 41.547000	36.971000	9.295000	7.768000
tid:0 41.687000	36.721000	9.202000	7.655000
tid:0 41.832000	36.471000	9.086000	7.534000
tid:0 41.948000	36.221000	9.029000	7.432000
tid:0 42.060000	36.471000	8.904000	7.287000
tid:0 42.233000	36.221000	8.843000	7.198000
tid:0 42.316000	36.471000	8.765000	7.073000
tid:0 42.451000	36.221000	8.676000	6.943000
tid:0 42.591000	35.971000	8.620000	6.835000
tid:0 42.676000	35.721000	8.540000	6.747000
tid:0 42.806000	35.471000	8.434000	6.658000
tid:0 42.904000	35.221000	8.340000	6.556000
tid:0 43.002000	35.471000	8.289000	6.472000
tid:0 43.137000	35.221000	8.181000	6.351000
tid:0 43.277000	34.971000	8.074000	6.239000
tid:0 43.384000	34.721000	7.985000	6.141000
tid:0 43.543000	34.471000	7.907000	5.996000
tid:0 43.636000	34.221000	7.841000	5.909000
tid:0 43.761000	34.471000	7.799000	5.769000
tid:0 43.859000	34.721000	7.711000	5.713000
tid:0 43.980000	34.971000	7.697000	5.597000
tid:0 44.087000	35.221000	7.576000	5.479000
tid:0 44.195000	35.471000	7.529000	5.410000
tid:0 44.307000	35.721000	7.451000	5.340000
tid:0 44.474000	35.471000	7.357000	5.238000
tid:0 44.591000	35.221000	7.269000	5.121000
tid:0 44.740000	34.971000	7.231000	4.999000
tid:0 44.843000	35.221000	7.185000	4.912000
tid:0 44.969000	34.971000	7.073000	4.832000
tid:0 45.067000	34.721000	7.050000	4.720000
tid:0 45.211000	34.971000	7.017000	4.609000
tid:0 45.314000	35.221000	6.934000	4.501000
tid:0 45.402000	34.971000	6.859000	4.394000
tid:0 45.519000	34.721000	6.812000	4.338000
tid:0 45.645000	34.471000	6.766000	4.311000
tid:0 45.780000	34.221000	6.672000	4.250000
tid:0 45.897000	33.971000	6.617000	4.144000
tid:0 45.966000	33.721000	6.542000	4.125000
tid:0 46.060000	33.971000	6.481000	4.017000
tid:0 46.162000	34.221000	6.398000	4.026000
tid:0 46.232000	33.971000	6.365000	3.976000
tid:0 46.349000	33.721000	6.332000	3.929000
tid:0 46.595000	33.471000	6.174000	3.831000
tid:0 46.675000	33.221000	6.081000	3.826000
tid:0 46.680000	32.971000	5.996000	3.845000
tid:0 46.759000	32.721000	5.965000	3.878000
tid:0 46.749000	32.471000	5.715000	4.045000
tid:0 46.824000	32.221000	5.647000	4.144000
tid:0 46.857000	31.971000	5.536000	4.189000
tid:0 46.881000	31.721000	5.452000	4.297000
tid:0 46.898000	31.471000	5.387000	4.357000
tid:0 46.820000	31.221000	5.223000	4.361000
tid:0 46.820000	30.971000	5.126000	4.474000
tid:0 46.908000	30.721000	5.027000	4.571000
tid:0 46.908000	30.471000	5.009000	4.646000
tid:0 46.931000	30.221000	4.912000	4.758000
tid:0 46.941000	29.971000	4.818000	4.823000
tid:0 46.964000	29.721000	4.716000	4.963000
tid:0 47.002000	29.471000	4.553000	5.079000
tid:0 46.964000	29.221000	4.492000	5.195000
tid:0 46.959000	28.971000	4.352000	5.266000
tid:0 47.048000	28.721000	4.218000	5.410000
tid:0 47.127000	28.471000	4.171000	5.466000
tid:0 47.085000	28.221000	4.017000	5.578000
tid:0 47.076000	27.971000	3.953000	5.680000
tid:0 47.104000	28.221000	3.868000	5.769000
tid:0 47.099000	28.471000	3.840000	5.900000
tid:0 47.099000	28.721000	3.743000	5.992000
tid:0 47.030000	28.971000	3.701000	6.067000
tid:0 46.997000	29.221000	3.686000	6.169000
tid:0 46.997000	29.471000	3.677000	6.225000
tid:0 46.941000	29.721000	3.626000	6.332000
tid:0 46.871000	29.971000	3.589000	6.379000
tid:0 46.824000	30.221000	3.663000	6.426000
tid:0 46.749000	30.471000	3.682000	6.495000
tid:0 46.708000	30.721000	3.654000	6.579000
tid:0 46.628000	30.971000	3.631000	6.644000
tid:0 46.545000	31.221000	3.650000	6.738000
tid:0 46.465000	31.471000	3.677000	6.802000
tid:0 46.372000	31.721000	3.771000	6.844000
tid:0 46.311000	31.971000	3.794000	6.873000
tid:0 46.144000	32.221000	3.901000	6.934000
tid:0 46.027000	32.471000	4.003000	6.965000
tid:0 45.929000	32.721000	4.068000	7.003000
tid:0 45.808000	32.971000	4.139000	7.078000
tid:0 45.720000	33.221000	4.255000	7.184000
tid:0 45.598000	33.471000	4.324000	7.250000
tid:0 45.444000	33.721000	4.422000	7.366000
tid:0 45.328000	33.971000	4.515000	7.404000
tid:0 45.243000	34.221000	4.604000	7.451000
tid:0 45.099000	34.471000	4.730000	7.529000
tid:0 44.992000	34.721000	4.786000	7.581000
tid:0 44.876000	34.971000	4.945000	7.669000
tid:0 44.717000	35.221000	5.042000	7.725000
tid:0 44.600000	35.471000	5.186000	7.753000
tid:0 44.460000	35.721000	5.261000	7.832000
tid:0 44.353000	35.971000	5.373000	7.935000
tid:0 44.214000	36.221000	5.489000	8.051000
tid:0 44.074000	36.471000	5.606000	8.144000
tid:0 43.924000	36.721000	5.732000	8.270000
tid:0 43.836000	36.971000	5.848000	8.326000
tid:0 43.711000	37.221000	5.922000	8.368000
tid:0 43.598000	37.471000	6.057000	8.456000
tid:0 43.440000	37.721000	6.202000	8.573000
tid:0 43.314000	37.971000	6.337000	8.647000
tid:0 43.165000	38.221000	6.459000	8.732000
tid:0 43.035000	38.471000	6.593000	8.862000
tid:0 42.909000	38.721000	6.695000	8.946000
tid:0 42.768000	38.971000	6.863000	9.020000
tid:0 42.680000	39.221000	6.948000	9.132000
tid:0 42.536000	39.471000	7.078000	9.239000
tid:0 42.401000	39.721000	7.198000	9.332000
tid:0 42.312000	39.971000	7.324000	9.403000
tid:0 42.172000	40.221000	7.451000	9.528000
tid:0 42.060000	40.471000	7.562000	9.607000
tid:0 41.869000	40.721000	7.688000	9.719000
tid:0 41.711000	40.971000	7.804000	9.775000
tid:0 41.603000	41.221000	7.925000	9.896000
tid:0 41.482000	41.091000	8.079000	9.998000
tid:0 41.337000	40.978000	8.214000	10.106000
tid:0 41.141000	40.728000	8.448000	10.329000
tid:0 40.964000	40.573000	8.578000	10.432000
tid:0 40.885000	40.437000	8.690000	10.525000
tid:0 40.736000	40.187000	8.810000	10.632000
tid:0 40.652000	39.937000	8.904000	10.725000
tid:0 40.470000	40.032000	9.095000	10.851000
tid:0 40.279000	39.930000	9.193000	10.967000
tid:0 40.148000	39.680000	9.351000	11.070000
tid:0 40.093000	39.430000	9.471000	11.182000
tid:0 39.930000	39.180000	9.598000	11.317000
tid:0 39.817000	39.318000	9.738000	11.434000
tid:0 39.710000	39.188000	9.845000	11.541000
tid:0 39.552000	39.048000	10.012000	11.662000
tid:0 39.449000	38.945000	10.097000	11.765000
tid:0 39.295000	38.791000	10.246000	11.881000
tid:0 39.108000	38.610000	10.357000	11.974000
tid:0 38.964000	38.489000	10.515000	12.086000
tid:0 38.909000	38.410000	10.650000	12.226000
tid:0 38.703000	38.176000	10.785000	12.342000
tid:0 38.550000	38.088000	10.926000	12.426000
tid:0 38.479000	37.902000	11.033000	12.542000
tid:0 38.465000	37.752000	11.215000	12.701000
tid:0 38.265000	37.538000	11.322000	12.817000
tid:0 38.120000	37.458000	11.466000	12.929000
tid:0 38.013000	37.295000	11.605000	13.079000
tid:0 37.763000	37.127000	11.355000	13.204000
tid:0 37.513000	37.029000	11.605000	13.311000
tid:0 37.445000	36.876000	11.855000	13.400000
tid:0 37.379000	36.745000	12.104000	13.521000
tid:0 37.351000	36.638000	12.295000	13.637000
tid:0 37.101000	36.479000	12.370000	13.786000
tid:0 36.851000	36.367000	12.538000	13.908000
tid:0 36.601000	36.270000	12.682000	14.001000
tid:0 36.396000	36.055000	12.836000	14.169000
tid:0 36.367000	35.976000	12.980000	14.303000
tid:0 36.209000	35.772000	13.115000	14.429000
tid:0 36.041000	35.659000	13.247000	14.579000
tid:0 35.976000	35.654000	13.353000	14.658000
tid:0 35.827000	35.477000	13.474000	14.793000
tid:0 35.604000	35.282000	13.637000	14.886000
tid:0 35.455000	35.193000	13.786000	15.003000
tid:0 35.413000	35.002000	13.949000	15.147000
tid:0 35.319000	34.951000	14.076000	15.277000
tid:0 35.292000	34.769000	14.173000	15.413000
tid:0 35.042000	34.643000	14.336000	15.529000
tid:0 34.843000	34.503000	14.462000	15.664000
tid:0 34.732000	34.316000	14.587000	15.771000
tid:0 34.708000	34.238000	14.737000	15.934000
tid:0 34.592000	34.144000	14.882000	16.056000
tid:0 34.415000	34.037000	15.003000	16.172000
tid:0 34.238000	33.850000	15.142000	16.298000
tid:0 34.103000	33.706000	15.286000	16.447000
tid:0 34.009000	33.547000	15.440000	16.564000
tid:0 33.855000	33.445000	15.580000	16.708000
tid:0 33.711000	33.282000	15.702000	16.829000
tid:0 33.590000	33.165000	15.827000	16.964000
tid:0 33.482000	32.988000	15.986000	17.141000
tid:0 33.328000	32.820000	16.135000	17.267000
tid:0 33.198000	32.666000	16.265000	17.421000
tid:0 33.091000	32.578000	16.410000	17.547000
tid:0 32.885000	32.433000	16.540000	17.682000
tid:0 32.755000	32.330000	16.694000	17.789000
tid:0 32.601000	32.121000	16.820000	17.897000
tid:0 32.452000	31.995000	16.964000	18.022000
tid:0 32.354000	31.850000	17.108000	18.185000
tid:0 32.167000	31.724000	17.253000	18.283000
tid:0 32.046000	31.599000	17.375000	18.427000
tid:0 31.911000	31.426000	17.529000	18.567000
tid:0 31.757000	31.273000	17.682000	18.698000
tid:0 31.613000	31.096000	17.817000	18.819000
tid:0 31.500000	30.975000	17.957000	18.940000
tid:0 31.337000	30.876000	18.077000	19.112000
tid:0 31.244000	30.751000	18.223000	19.201000
tid:0 31.091000	30.564000	18.358000	19.369000
tid:0 30.909000	30.401000	18.535000	19.513000
tid:0 30.821000	30.289000	18.647000	19.644000
tid:0 30.671000	30.126000	18.828000	19.784000
tid:0 30.564000	29.987000	18.940000	19.961000
tid:0 30.415000	29.865000	19.084000	20.068000
tid:0 30.210000	29.720000	19.225000	20.212000
tid:0 30.112000	29.534000	19.360000	20.352000
tid:0 30.028000	29.389000	19.476000	20.482000
tid:0 29.902000	29.212000	19.625000	20.617000
tid:0 29.781000	29.082000	19.793000	20.738000
tid:0 29.585000	29.002000	19.919000	20.846000
tid:0 29.446000	28.843000	20.068000	21.014000
tid:0 29.264000	28.625000	20.156000	21.140000
tid:0 29.254000	28.420000	20.347000	21.279000
tid:0 29.119000	28.368000	20.473000	21.419000
tid:0 29.002000	28.285000	20.575000	21.541000
tid:0 28.843000	28.126000	20.720000	21.624000
tid:0 28.727000	27.963000	20.837000	21.745000
tid:0 28.694000	27.819000	20.986000	21.913000
tid:0 28.490000	27.646000	21.102000	21.997000
tid:0 28.382000	27.529000	21.237000	22.099000
tid:0 28.359000	27.376000	21.386000	22.248000
tid:0 28.164000	27.236000	21.531000	22.412000
tid:0 27.935000	27.176000	21.676000	22.538000
tid:0 27.685000	26.980000	21.853000	22.669000
tid:0 27.435000	26.730000	22.002000	22.790000
tid:0 27.227000	26.480000	22.109000	22.986000
tid:0 27.059000	26.230000	22.253000	23.125000
tid:0 26.980000	26.480000	22.435000	23.236000
tid:0 26.807000	26.373000	22.520000	23.339000
tid:0 26.681000	26.266000	22.655000	23.498000
tid:0 26.555000	26.094000	22.822000	23.652000
tid:0 26.341000	25.968000	22.943000	23.787000
tid:0 26.155000	25.847000	23.106000	23.940000
tid:0 26.131000	25.684000	23.255000	24.066000
tid:0 26.052000	25.557000	23.409000	24.220000
tid:0 26.015000	25.399000	23.521000	24.374000
tid:0 25.838000	25.292000	23.666000	24.463000
tid:0 25.670000	25.167000	23.810000	24.635000
tid:0 25.567000	25.009000	23.898000	24.780000
tid:0 25.436000	24.855000	24.090000	24.901000
tid:0 25.348000	24.700000	24.210000	25.026000
tid:0 25.232000	24.556000	24.374000	25.162000
tid:0 25.097000	24.439000	24.482000	25.278000
tid:0 24.924000	24.304000	24.626000	25.451000
tid:0 24.794000	24.151000	24.780000	25.590000
tid:0 24.663000	23.983000	24.952000	25.739000
tid:0 24.588000	23.838000	25.059000	25.884000
tid:0 24.430000	23.702000	25.236000	26.015000
tid:0 24.286000	23.586000	25.344000	26.150000
tid:0 24.151000	23.446000	25.465000	26.294000
tid:0 24.011000	23.246000	25.623000	26.420000
tid:0 23.926000	23.073000	25.749000	26.569000
tid:0 23.744000	22.971000	25.870000	26.672000
tid:0 23.624000	22.860000	26.006000	26.779000
tid:0 23.413000	22.733000	26.159000	26.863000
tid:0 23.349000	22.561000	26.318000	27.049000
tid:0 23.190000	22.356000	26.448000	27.212000
tid:0 23.101000	22.198000	26.593000	27.394000
tid:0 22.990000	22.048000	26.732000	27.498000
tid:0 22.822000	21.927000	26.881000	27.562000
tid:0 22.790000	21.815000	27.035000	27.748000
tid:0 22.540000	21.721000	27.152000	27.846000
tid:0 22.430000	21.591000	27.297000	28.005000
tid:0 22.286000	21.465000	27.418000	28.117000
tid:0 22.151000	21.317000	27.585000	28.224000
tid:0 22.025000	21.205000	27.711000	28.349000
tid:0 21.857000	21.042000	27.879000	28.495000
tid:0 21.607000	20.930000	28.009000	28.644000
tid:0 21.442000	20.804000	28.145000	28.769000
tid:0 21.336000	20.669000	28.275000	28.942000
tid:0 21.223000	20.520000	28.415000	29.100000
tid:0 21.047000	20.371000	28.531000	29.212000
tid:0 20.967000	20.225000	28.746000	29.389000
tid:0 20.837000	20.109000	28.858000	29.548000
tid:0 20.729000	19.989000	28.956000	29.651000
tid:0 20.603000	19.844000	29.077000	29.791000
tid:0 20.450000	19.741000	29.264000	29.916000
tid:0 20.310000	19.564000	29.394000	30.037000
tid:0 20.212000	19.410000	29.534000	30.186000
tid:0 20.114000	19.285000	29.673000	30.285000
tid:0 19.984000	19.150000	29.772000	30.503000
tid:0 19.868000	19.015000	29.907000	30.597000
tid:0 19.779000	18.889000	30.051000	30.732000
tid:0 19.663000	18.768000	30.159000	30.834000
tid:0 19.573000	18.642000	30.299000	30.919000
tid:0 19.410000	18.526000	30.439000	31.058000
tid:0 19.280000	18.432000	30.522000	31.142000
tid:0 19.215000	18.311000	30.635000	31.291000
tid:0 19.084000	18.199000	30.723000	31.337000
tid:0 18.963000	18.092000	30.858000	31.464000
tid:0 18.842000	17.971000	30.984000	31.561000
tid:0 18.768000	17.854000	31.072000	31.687000
tid:0 18.623000	17.747000	31.197000	31.822000
tid:0 18.535000	17.682000	31.273000	31.916000
tid:0 18.423000	17.612000	31.398000	32.032000
tid:0 18.377000	17.482000	31.473000	32.070000
tid:0 18.250000	17.398000	31.543000	32.126000
tid:0 18.171000	17.337000	31.641000	32.228000
tid:0 18.106000	17.272000	31.715000	32.308000
tid:0 18.017000	17.184000	31.785000	32.312000
tid:0 17.928000	17.160000	31.850000	32.340000
tid:0 17.887000	17.104000	31.906000	32.452000
tid:0 17.808000	17.063000	31.967000	32.429000
tid:0 17.729000	17.058000	31.999000	32.479000
tid:0 17.720000	17.016000	32.013000	32.503000
tid:0 17.654000	16.978000	31.990000	32.526000
tid:0 17.579000	16.992000	32.060000	32.540000
tid:0 17.510000	16.950000	32.112000	32.620000
tid:0 17.454000	16.950000	32.176000	32.564000
tid:0 17.439000	16.931000	32.228000	32.597000
tid:0 17.365000	16.992000	32.200000	32.615000
tid:0 17.361000	16.992000	32.195000	32.540000
tid:0 17.281000	17.016000	32.219000	32.545000
tid:0 17.286000	17.030000	32.275000	32.522000
tid:0 17.267000	17.090000	32.284000	32.452000
tid:0 17.253000	17.123000	32.294000	32.462000
tid:0 17.193000	17.165000	32.294000	32.462000
tid:0 17.179000	17.141000	32.284000	32.438000
tid:0 17.127000	17.202000	32.312000	32.433000
tid:0 17.090000	17.216000	32.415000	32.405000
tid:0 17.039000	17.258000	32.382000	32.382000
tid:0 17.044000	17.281000	32.415000	32.382000
tid:0 17.030000	17.337000	32.447000	32.349000
tid:0 17.016000	17.380000	32.368000	32.326000
tid:0 17.011000	17.416000	32.447000	32.247000
tid:0 16.997000	17.524000	32.382000	32.205000
tid:0 17.039000	17.626000	32.349000	32.191000
tid:0 17.049000	17.645000	32.372000	32.148000
tid:0 17.034000	17.696000	32.377000	32.088000
tid:0 17.063000	17.813000	32.251000	32.070000
tid:0 17.099000	17.887000	32.289000	32.032000
tid:0 17.104000	17.947000	32.251000	31.985000
tid:0 17.137000	18.055000	32.214000	31.920000
tid:0 17.184000	18.115000	32.145000	31.869000
tid:0 17.281000	18.199000	32.131000	31.831000
tid:0 17.342000	18.245000	32.056000	31.781000
tid:0 17.425000	18.348000	31.981000	31.701000
tid:0 17.529000	18.469000	31.878000	31.604000
tid:0 17.612000	18.521000	31.831000	31.496000
tid:0 17.687000	18.637000	31.729000	31.436000
tid:0 17.808000	18.749000	31.604000	31.305000
tid:0 17.892000	18.856000	31.538000	31.221000
tid:0 17.994000	18.968000	31.500000	31.054000
tid:0 18.096000	19.098000	31.347000	30.928000
tid:0 18.185000	19.197000	31.268000	30.793000
tid:0 18.316000	19.308000	31.160000	30.704000
tid:0 18.437000	19.429000	31.044000	30.597000
tid:0 18.540000	19.569000	30.909000	30.485000
tid:0 18.675000	19.700000	30.788000	30.331000
tid:0 18.790000	19.830000	30.653000	30.219000
tid:0 18.921000	19.919000	30.522000	30.009000
tid:0 19.047000	20.050000	30.406000	29.940000
tid:0 19.178000	20.184000	30.271000	29.772000
tid:0 19.313000	20.315000	30.154000	29.706000
tid:0 19.415000	20.393000	30.028000	29.669000
tid:0 19.537000	20.511000	29.897000	29.419000
tid:0 19.658000	20.627000	29.786000	29.268000
tid:0 19.784000	20.678000	29.656000	29.161000
tid:0 19.887000	20.832000	29.515000	29.058000
tid:0 20.054000	20.925000	29.403000	28.872000
tid:0 20.194000	21.074000	29.254000	28.812000
tid:0 20.329000	21.201000	29.170000	28.583000
tid:0 20.454000	21.369000	28.994000	28.387000
tid:0 20.575000	21.489000	28.858000	28.247000
tid:0 20.707000	21.558000	28.783000	28.145000
tid:0 20.870000	21.704000	28.663000	28.028000
tid:0 20.953000	21.801000	28.512000	27.916000
tid:0 21.083000	21.894000	28.313000	27.786000
tid:0 21.187000	21.997000	28.164000	27.786000
tid:0 21.317000	22.035000	28.089000	27.594000
tid:0 21.423000	22.104000	28.065000	27.493000
tid:0 21.568000	22.267000	27.916000	27.366000
tid:0 21.782000	22.374000	27.753000	27.334000
tid:0 21.782000	22.501000	27.609000	27.278000
tid:0 21.853000	22.529000	27.520000	27.157000
tid:0 21.997000	22.655000	27.404000	27.045000
tid:0 22.146000	22.697000	27.376000	26.952000
tid:0 22.203000	22.678000	27.203000	26.900000
tid:0 22.272000	22.785000	27.138000	26.853000
tid:0 22.393000	22.738000	26.999000	26.803000
tid:0 22.383000	22.678000	27.008000	26.821000
tid:0 22.468000	22.705000	26.961000	26.723000
tid:0 22.515000	22.790000	26.905000	26.737000
tid:0 22.547000	22.775000	26.858000	26.732000
tid:0 22.584000	22.846000	26.845000	26.732000
tid:0 22.678000	22.761000	26.756000	26.681000
tid:0 22.669000	22.747000	26.760000	26.695000
tid:0 22.697000	22.771000	26.765000	26.685000
tid:0 22.771000	22.673000	26.690000	26.714000
tid:0 22.841000	22.678000	26.635000	26.723000
tid:0 22.841000	22.570000	26.564000	26.732000
tid:0 22.775000	22.598000	26.607000	26.840000
tid:0 22.832000	22.584000	26.597000	26.821000
tid:0 22.827000	22.603000	26.616000	26.807000
tid:0 22.841000	22.529000	26.560000	26.881000
tid:0 22.892000	22.435000	26.593000	26.891000
tid:0 22.948000	22.463000	26.536000	26.905000
tid:0 22.999000	22.430000	26.509000	26.910000
tid:0 22.986000	22.515000	26.505000	26.924000
tid:0 23.022000	22.547000	26.481000	26.966000
tid:0 23.125000	22.505000	26.444000	26.947000
tid:0 23.162000	22.542000	26.369000	26.952000
tid:0 23.250000	22.370000	26.341000	26.961000
tid:0 23.222000	22.120000	26.383000	27.059000
tid:0 23.195000	22.370000	26.411000	27.120000
tid:0 23.203000	22.319000	26.415000	27.189000
tid:0 23.181000	22.305000	26.453000	27.288000
tid:0 23.200000	22.055000	26.509000	27.413000
tid:0 23.186000	22.104000	26.518000	27.432000
tid:0 23.115000	22.090000	26.518000	27.455000
tid:0 23.217000	22.016000	26.607000	27.520000
tid:0 23.162000	22.099000	26.714000	27.590000
tid:0 23.004000	22.349000	26.770000	27.669000
tid:0 22.953000	22.179000	26.867000	27.814000
tid:0 22.808000	22.109000	26.952000	27.864000
tid:0 22.794000	22.090000	27.035000	27.940000
tid:0 22.650000	21.840000	27.157000	28.014000
tid:0 22.683000	21.590000	27.189000	28.168000
tid:0 22.724000	21.405000	27.292000	28.200000
tid:0 22.822000	21.336000	27.399000	28.289000
tid:0 22.572000	21.140000	27.511000	28.485000
tid:0 22.501000	20.977000	27.613000	28.644000
tid:0 22.426000	21.182000	27.753000	28.746000
tid:0 22.176000	20.932000	27.837000	28.830000
tid:0 21.983000	20.818000	27.963000	29.039000
tid:0 21.733000	20.688000	28.089000	29.147000
tid:0 21.517000	20.511000	28.196000	29.235000
tid:0 21.754000	20.380000	28.354000	29.389000
tid:0 21.572000	20.198000	28.490000	29.515000
tid:0 21.322000	20.123000	28.606000	29.632000
tid:0 21.072000	20.026000	28.755000	29.753000
tid:0 20.991000	19.887000	28.914000	29.935000
tid:0 20.804000	19.769000	29.025000	30.051000
tid:0 20.613000	19.611000	29.165000	30.200000
tid:0 20.497000	19.452000	29.273000	30.326000
tid:0 20.747000	19.285000	29.413000	30.485000
tid:0 20.771000	19.173000	29.501000	30.550000
tid:0 20.521000	19.061000	29.664000	30.676000
tid:0 20.762000	18.902000	29.823000	30.834000
tid:0 20.512000	18.772000	29.940000	30.961000
tid:0 20.262000	18.623000	30.075000	31.101000
tid:0 20.012000	18.460000	30.233000	31.216000
tid:0 19.762000	18.311000	30.364000	31.384000
tid:0 19.677000	18.190000	30.503000	31.486000
tid:0 19.583000	18.064000	30.635000	31.636000
tid:0 19.346000	17.897000	30.788000	31.757000
tid:0 19.233000	17.813000	30.909000	31.897000
tid:0 19.057000	17.752000	31.044000	31.999000
tid:0 18.972000	17.570000	31.165000	32.107000
tid:0 18.866000	17.425000	31.337000	32.256000
tid:0 18.768000	17.253000	31.454000	32.410000
tid:0 18.572000	17.127000	31.585000	32.554000
tid:0 18.348000	17.053000	31.715000	32.661000
tid:0 18.209000	16.885000	31.864000	32.838000
tid:0 18.129000	16.754000	31.977000	32.942000
tid:0 18.325000	16.647000	32.107000	33.095000
tid:0 18.075000	16.475000	32.275000	33.263000
tid:0 17.836000	16.387000	32.419000	33.375000
tid:0 17.586000	16.177000	32.550000	33.510000
tid:0 17.486000	16.083000	32.703000	33.604000
tid:0 17.668000	15.934000	32.797000	33.739000
tid:0 17.418000	15.818000	32.951000	33.935000
tid:0 17.168000	15.608000	33.119000	34.046000
tid:0 17.202000	15.440000	33.287000	34.181000
tid:0 16.952000	15.310000	33.412000	34.391000
tid:0 16.801000	15.124000	33.543000	34.555000
tid:0 16.680000	14.984000	33.720000	34.583000
tid:0 16.600000	14.849000	33.827000	34.779000
tid:0 16.419000	14.760000	33.963000	34.923000
tid:0 16.265000	14.644000	34.121000	35.016000
tid:0 16.107000	14.532000	34.266000	35.170000
tid:0 16.107000	14.397000	34.396000	35.323000
tid:0 16.014000	14.253000	34.536000	35.403000
tid:0 15.869000	14.112000	34.657000	35.557000
tid:0 15.619000	13.908000	34.801000	35.706000
tid:0 15.440000	13.786000	34.956000	35.869000
tid:0 15.342000	13.642000	35.119000	35.975000
tid:0 15.189000	13.455000	35.268000	36.065000
tid:0 15.100000	13.320000	35.403000	36.247000
tid:0 15.040000	13.209000	35.519000	36.377000
tid:0 14.928000	13.055000	35.678000	36.549000
tid:0 14.704000	12.929000	35.818000	36.684000
tid:0 14.639000	12.817000	35.967000	36.731000
tid:0 14.560000	12.682000	36.125000	36.857000
tid:0 14.406000	12.514000	36.275000	37.011000
tid:0 14.253000	12.379000	36.382000	37.211000
tid:0 14.098000	12.254000	36.554000	37.332000
tid:0 14.052000	12.086000	36.684000	37.453000
tid:0 13.940000	11.946000	36.829000	37.575000
tid:0 13.871000	11.811000	36.997000	37.724000
tid:0 13.767000	11.662000	37.072000	37.864000
tid:0 13.660000	11.531000	37.254000	37.990000
tid:0 13.516000	11.396000	37.421000	38.107000
tid:0 13.386000	11.248000	37.445000	38.265000
tid:0 13.307000	11.107000	37.645000	38.438000
tid:0 13.134000	10.977000	37.780000	38.550000
tid:0 12.985000	10.804000	37.962000	38.685000
tid:0 12.911000	10.679000	38.212000	38.755000
tid:0 12.808000	10.572000	38.372000	38.937000
tid:0 12.682000	10.423000	38.465000	39.100000
tid:0 12.580000	10.274000	38.670000	39.263000
tid:0 12.449000	10.124000	38.587000	39.398000
tid:0 12.351000	9.980000	38.731000	39.538000
tid:0 12.217000	9.840000	38.871000	39.701000
tid:0 12.142000	9.719000	39.025000	39.831000
tid:0 11.969000	9.546000	39.174000	39.980000
tid:0 11.853000	9.435000	39.351000	40.125000
tid:0 11.741000	9.290000	39.543000	40.288000
tid:0 11.666000	9.122000	39.757000	40.419000
tid:0 11.592000	8.982000	39.883000	40.554000
tid:0 11.527000	8.852000	39.995000	40.708000
tid:0 11.373000	8.694000	40.186000	40.867000
tid:0 11.275000	8.569000	40.335000	41.011000
tid:0 11.168000	8.456000	40.415000	41.146000
tid:0 11.089000	8.335000	40.578000	41.272000
tid:0 10.991000	8.195000	40.713000	41.403000
tid:0 10.889000	8.042000	40.853000	41.557000
tid:0 10.763000	7.902000	40.997000	41.711000
tid:0 10.674000	7.799000	41.137000	41.808000
tid:0 10.558000	7.692000	41.231000	41.924000
tid:0 10.483000	7.539000	41.366000	42.116000
tid:0 10.362000	7.427000	41.543000	42.238000
tid:0 10.246000	7.250000	41.668000	42.368000
tid:0 10.157000	7.125000	41.725000	42.498000
tid:0 10.045000	7.036000	41.924000	42.615000
tid:0 9.929000	6.873000	41.995000	42.736000
tid:0 9.816000	6.780000	42.144000	42.848000
tid:0 9.695000	6.667000	42.279000	43.007000
tid:0 9.565000	6.514000	42.415000	43.099000
tid:0 9.495000	6.393000	42.569000	43.226000
tid:0 9.389000	6.267000	42.694000	43.384000
tid:0 9.285000	6.137000	42.806000	43.482000
tid:0 9.193000	6.025000	42.955000	43.654000
tid:0 9.062000	5.927000	43.095000	43.715000
tid:0 8.941000	5.876000	43.179000	43.826000
tid:0 8.862000	5.824000	43.281000	43.887000
tid:0 8.788000	5.769000	43.328000	43.980000
tid:0 8.638000	5.736000	43.473000	43.990000
tid:0 8.555000	5.722000	43.223000	44.041000
tid:0 8.405000	5.689000	42.973000	44.157000
tid:0 8.307000	5.736000	43.223000	43.907000
tid:0 8.177000	5.675000	43.473000	43.657000
tid:0 7.927000	5.685000	43.723000	43.907000
tid:0 7.707000	5.685000	43.973000	44.157000
tid:0 7.628000	5.722000	44.041000	44.407000
tid:0 7.539000	5.774000	44.060000	44.409000
tid:0 7.451000	5.862000	44.125000	44.400000
tid:0 7.343000	5.904000	44.134000	44.432000
tid:0 7.240000	6.053000	44.162000	44.405000
tid:0 7.138000	6.086000	44.214000	44.372000
tid:0 7.022000	6.160000	44.167000	44.396000
tid:0 6.891000	6.253000	44.190000	44.386000
tid:0 6.799000	6.300000	44.232000	44.396000
tid:0 6.677000	6.050000	44.255000	44.409000
tid:0 6.579000	6.300000	44.269000	44.437000
tid:0 6.505000	6.550000	44.255000	44.367000
tid:0 6.402000	6.663000	44.218000	44.349000
tid:0 6.323000	6.747000	44.269000	44.297000
tid:0 6.253000	6.863000	44.321000	44.283000
tid:0 6.169000	6.998000	44.349000	44.200000
tid:0 6.062000	7.138000	44.353000	44.195000
tid:0 5.969000	7.231000	44.372000	44.274000
tid:0 5.895000	7.292000	44.307000	44.297000
tid:0 5.765000	7.366000	44.367000	44.330000
tid:0 5.666000	7.418000	44.549000	44.391000
tid:0 5.498000	7.478000	44.614000	44.396000
tid:0 5.410000	7.529000	44.628000	44.474000
tid:0 5.275000	7.600000	44.680000	44.549000
tid:0 5.107000	7.609000	44.848000	44.577000
tid:0 5.009000	7.669000	44.876000	44.670000
tid:0 4.856000	7.697000	45.034000	44.777000
tid:0 4.678000	7.641000	45.234000	44.876000
tid:0 4.479000	7.641000	45.351000	44.997000
tid:0 4.329000	7.631000	45.477000	45.141000
tid:0 4.236000	7.614000	45.654000	45.253000
tid:0 4.064000	7.576000	45.775000	45.430000
tid:0 4.022000	7.548000	45.888000	45.557000
tid:0 3.934000	7.534000	45.980000	45.626000
tid:0 3.785000	7.487000	46.092000	45.761000
tid:0 3.641000	7.468000	46.279000	45.883000
tid:0 3.537000	7.460000	46.386000	46.060000
tid:0 3.421000	7.413000	46.531000	46.195000
tid:0 3.263000	7.376000	46.694000	46.321000
tid:0 3.226000	7.297000	46.801000	46.414000
tid:0 3.124000	7.236000	46.964000	46.605000
tid:0 3.072000	7.190000	47.053000	46.735000
tid:0 2.993000	7.166000	47.169000	46.824000
tid:0 2.909000	7.097000	47.333000	46.987000
tid:0 2.848000	7.078000	47.421000	47.062000
tid:0 2.723000	7.055000	47.510000	47.183000
tid:0 2.662000	7.040000	47.621000	47.281000
tid:0 2.621000	7.050000	47.696000	47.430000
tid:0 2.518000	7.036000	47.775000	47.570000
tid:0 2.406000	7.045000	47.948000	47.668000
tid:0 2.369000	7.003000	48.120000	47.789000
tid:0 2.267000	7.050000	48.116000	47.850000
tid:0 2.281000	7.050000	48.200000	47.999000
tid:0 2.220000	7.143000	48.330000	48.083000
tid:0 2.099000	7.184000	48.390000	48.125000
tid:0 2.066000	7.287000	48.423000	48.167000
tid:0 2.048000	7.338000	48.386000	48.214000
tid:0 1.965000	7.347000	48.136000	48.195000
tid:0 1.904000	7.343000	47.886000	48.167000
tid:0 1.838000	7.418000	48.136000	48.046000
tid:0 1.754000	7.482000	47.886000	48.177000
tid:0 1.750000	7.511000	48.136000	47.927000
tid:0 1.750000	7.572000	47.886000	48.055000
tid:0 1.755000	7.609000	47.636000	48.167000
tid:0 1.746000	7.572000	47.386000	48.191000
tid:0 1.718000	7.572000	47.636000	48.172000
tid:0 1.741000	7.557000	47.386000	48.241000
tid:0 1.736000	7.496000	47.636000	47.991000
tid:0 1.718000	7.501000	47.886000	47.741000
tid:0 1.736000	7.487000	47.636000	47.991000
tid:0 1.732000	7.432000	47.386000	48.241000
tid:0 1.750000	7.394000	47.136000	48.297000
tid:0 1.750000	7.436000	47.386000	48.047000
tid:0 1.820000	7.394000	47.636000	47.797000
tid:0 1.806000	7.390000	47.886000	47.547000
tid:0 1.811000	7.399000	48.136000	47.297000
tid:0 1.811000	7.427000	48.386000	47.047000
tid:0 1.820000	7.432000	48.636000	46.797000
tid:0 1.570000	7.682000	48.886000	46.547000
tid:0 1.320000	7.932000	48.636000	46.797000
tid:0 1.070000	8.182000	48.386000	47.047000
tid:0 0.968000	8.163000	48.136000	47.297000
tid:0 1.028000	8.167000	48.386000	47.047000
tid:0 1.028000	8.130000	48.636000	47.297000
tid:0 1.051000	8.205000	48.386000	47.547000
tid:0 1.042000	8.200000	48.136000	47.797000
tid:0 1.042000	8.148000	47.886000	48.047000
tid:0 1.042000	8.153000	47.636000	48.297000
tid:0 1.047000	8.125000	47.886000	48.484000
tid:0 1.019000	8.130000	48.136000	48.493000
tid:0 1.056000	8.163000	48.386000	48.503000
tid:0 1.019000	8.153000	48.636000	48.522000
tid:0 1.047000	8.181000	48.886000	48.484000
tid:0 1.001000	8.172000	49.044000	48.508000
tid:0 1.070000	8.167000	49.039000	48.470000
tid:0 1.037000	8.139000	49.057000	48.493000
tid:0 1.037000	8.153000	49.099000	48.493000
tid:0 1.033000	8.117000	48.983000	48.465000
tid:0 1.028000	8.163000	48.978000	48.465000
tid:0 1.019000	8.163000	49.016000	48.465000
tid:0 1.075000	8.144000	49.016000	48.508000
tid:0 1.028000	8.130000	49.011000	48.470000
tid:0 1.005000	8.112000	48.945000	48.512000
tid:0 1.056000	8.172000	49.025000	48.451000
tid:0 1.042000	8.172000	49.066000	48.508000
tid:0 1.014000	8.158000	49.025000	48.484000
tid:0 1.023000	8.125000	48.992000	48.479000
tid:0 1.001000	8.163000	48.992000	48.461000
tid:0 1.037000	8.177000	49.030000	48.470000
tid:0 0.996000	8.089000	49.030000	48.461000
tid:0 1.023000	8.121000	49.006000	48.475000
tid:0 1.023000	8.158000	49.002000	48.498000
tid:0 1.037000	8.117000	48.978000	48.470000
tid:0 1.014000	8.167000	48.992000	48.484000
tid:0 1.028000	8.117000	48.959000	48.470000
tid:0 1.042000	8.125000	49.002000	48.484000
tid:0 1.028000	8.107000	48.969000	48.526000
tid:0 1.042000	8.103000	49.006000	48.489000
tid:0 1.009000	8.181000	48.974000	48.479000
tid:0 1.014000	8.153000	48.983000	48.465000
tid:0 1.009000	8.117000	48.950000	48.465000
tid:0 1.005000	8.177000	48.964000	48.479000
tid:0 1.037000	8.181000	48.950000	48.470000
tid:0 1.014000	8.177000	48.955000	48.479000
tid:0 0.991000	8.172000	48.927000	48.479000
tid:0 0.987000	8.121000	48.969000	48.470000
tid:0 1.014000	8.148000	48.983000	48.489000
tid:0 0.996000	8.107000	49.080000	48.470000
tid:0 1.005000	8.177000	48.936000	48.475000
tid:0 1.023000	8.139000	48.950000	48.470000
tid:0 1.042000	8.125000	48.936000	48.447000
tid:0 1.051000	8.125000	49.030000	48.461000
tid:0 1.061000	8.163000	48.983000	48.475000
tid:0 1.042000	8.167000	48.945000	48.475000
tid:0 1.019000	8.167000	48.894000	48.423000
tid:0 1.033000	8.163000	48.992000	48.173000
tid:0 1.023000	8.139000	48.742000	48.423000
tid:0 1.042000	8.125000	48.950000	48.451000
tid:0 1.051000	8.144000	48.903000	48.470000
tid:0 1.033000	8.163000	48.969000	48.461000
tid:0 0.987000	8.163000	48.959000	48.423000
tid:0 1.023000	8.177000	48.945000	48.489000
tid:0 1.037000	8.177000	48.978000	48.456000
tid:0 1.037000	8.163000	48.950000	48.461000
tid:0 1.047000	8.125000	48.931000	48.461000
tid:0 1.037000	8.172000	48.955000	48.484000
tid:0 1.037000	8.167000	48.922000	48.456000
tid:0 1.056000	8.144000	48.922000	48.456000
tid:0 1.023000	8.148000	48.936000	48.442000
tid:0 1.009000	8.134000	48.913000	48.451000
tid:0 1.028000	8.125000	48.899000	48.465000
tid:0 0.778000	8.163000	48.894000	48.409000
tid:0 1.028000	8.153000	48.884000	48.447000
tid:0 1.019000	8.158000	48.917000	48.447000
tid:0 1.001000	8.158000	48.964000	48.447000
tid:0 1.042000	8.139000	48.931000	48.447000
tid:0 1.028000	8.144000	48.927000	48.479000
tid:0 1.047000	8.125000	48.899000	48.229000
tid:0 1.075000	8.167000	48.649000	48.437000
tid:0 1.056000	8.153000	48.880000	48.447000
tid:0 1.023000	8.163000	48.630000	48.437000
tid:0 1.042000	8.107000	48.880000	48.409000
tid:0 1.075000	8.130000	48.917000	48.159000
tid:0 1.070000	8.172000	48.922000	48.409000
tid:0 1.033000	8.153000	48.672000	48.442000
tid:0 1.051000	8.172000	48.884000	48.456000
tid:0 1.051000	8.139000	48.978000	48.206000
tid:0 1.061000	8.158000	49.155000	47.956000
tid:0 1.089000	8.172000	48.905000	48.206000
tid:0 1.089000	8.238000	49.155000	48.456000
tid:0 1.080000	8.224000	48.905000	48.227000
tid:0 1.122000	8.163000	48.655000	48.246000
tid:0 1.070000	8.242000	48.773000	48.297000
tid:0 1.070000	8.195000	48.523000	48.186000
tid:0 1.047000	8.247000	48.273000	48.251000
tid:0 1.042000	8.224000	48.523000	48.001000
tid:0 1.066000	8.186000	48.773000	47.751000
tid:0 1.033000	8.158000	49.023000	47.501000
tid:0 1.014000	8.172000	49.179000	47.751000
tid:0 0.996000	8.158000	49.146000	48.001000
tid:0 1.001000	8.158000	48.927000	48.251000
tid:0 1.005000	8.195000	49.113000	48.479000
tid:0 0.987000	8.181000	49.039000	48.470000
tid:0 0.968000	8.144000	48.927000	48.512000
tid:0 0.987000	8.181000	49.113000	48.531000
tid:0 0.982000	8.195000	48.908000	48.470000
tid:0 1.019000	8.172000	48.889000	48.498000
tid:0 1.033000	8.125000	49.139000	48.489000
tid:0 1.037000	8.195000	49.011000	48.461000
tid:0 1.009000	8.167000	49.030000	48.456000
tid:0 1.005000	8.195000	49.253000	48.442000
tid:0 0.991000	8.139000	49.030000	48.465000
tid:0 0.996000	8.200000	49.123000	48.489000
tid:0 1.009000	8.163000	49.370000	48.239000
tid:0 1.014000	8.163000	49.120000	48.442000
tid:0 1.001000	8.158000	49.258000	48.192000
tid:0 0.987000	8.134000	49.132000	48.442000
tid:0 1.009000	8.191000	49.248000	48.192000
tid:0 1.019000	8.158000	48.998000	47.942000
tid:0 1.037000	8.153000	49.006000	48.192000
tid:0 0.973000	8.130000	48.997000	48.414000
tid:0 0.940000	8.158000	48.988000	48.400000
tid:0 0.940000	8.139000	49.006000	48.442000
tid:0 0.977000	8.079000	49.109000	48.531000
tid:0 0.968000	8.046000	49.184000	48.610000
tid:0 0.996000	8.074000	49.220000	48.652000
tid:0 0.940000	8.130000	49.272000	48.708000
tid:0 0.954000	8.107000	49.272000	48.726000
tid:0 0.916000	8.134000	49.314000	48.713000
tid:0 0.935000	8.121000	49.314000	48.740000
tid:0 0.870000	8.153000	49.314000	48.778000
tid:0 0.907000	8.181000	49.333000	48.731000
tid:0 0.884000	8.153000	49.323000	48.749000
tid:0 0.912000	8.130000	49.342000	48.754000
tid:0 0.879000	8.144000	49.333000	48.735000
tid:0 0.940000	8.112000	49.356000	48.726000
tid:0 0.916000	8.093000	49.328000	48.759000
tid:0 0.968000	8.107000	49.319000	48.708000
tid:0 0.824000	8.144000	49.569000	48.458000
tid:0 0.841000	8.144000	49.692000	48.208000
tid:0 0.940000	8.074000	49.442000	47.958000
tid:0 0.996000	8.098000	49.333000	48.208000
tid:0 0.907000	8.032000	49.305000	48.458000
tid:0 0.916000	8.065000	49.314000	48.708000
tid:0 0.959000	8.079000	49.351000	48.782000
tid:0 0.968000	8.060000	49.319000	48.768000
tid:0 0.968000	8.079000	49.319000	48.745000
tid:0 1.005000	8.065000	49.309000	48.740000
tid:0 0.963000	8.051000	49.276000	48.754000
tid:0 0.921000	8.023000	49.305000	48.745000
tid:0 1.014000	8.056000	49.286000	48.726000
tid:0 1.014000	8.056000	49.291000	48.685000
tid:0 0.930000	8.009000	49.291000	48.694000
tid:0 1.005000	8.037000	49.281000	48.731000
tid:0 0.945000	8.051000	49.305000	48.717000
tid:0 0.959000	8.042000	49.295000	48.675000
tid:0 0.987000	8.051000	49.291000	48.717000
tid:0 0.959000	8.018000	49.291000	48.717000
tid:0 0.963000	8.051000	49.272000	48.689000
tid:0 0.968000	8.042000	49.267000	48.694000
tid:0 1.023000	8.023000	49.281000	48.749000
tid:0 0.996000	7.999000	49.291000	48.745000
tid:0 1.005000	8.028000	49.248000	48.735000
tid:0 1.001000	8.018000	49.272000	48.699000
tid:0 0.959000	8.070000	49.267000	48.717000
tid:0 0.991000	8.046000	49.291000	48.713000
tid:0 0.973000	8.065000	49.262000	48.704000
tid:0 0.954000	8.070000	49.286000	48.726000
tid:0 0.935000	8.051000	49.262000	48.699000
tid:0 0.987000	8.046000	49.281000	48.708000
tid:0 0.935000	8.051000	49.262000	48.675000
tid:0 0.968000	8.056000	49.286000	48.694000
tid:0 0.977000	8.074000	49.258000	48.614000
tid:0 0.982000	8.032000	49.244000	48.661000
tid:0 0.954000	8.084000	49.253000	48.647000
tid:0 0.973000	8.079000	49.234000	48.638000
tid:0 0.963000	8.042000	49.248000	48.680000
tid:0 0.940000	8.056000	49.244000	48.671000
tid:0 0.940000	8.060000	49.258000	48.619000
tid:0 0.945000	8.056000	49.239000	48.633000
tid:0 0.926000	8.023000	49.244000	48.643000
tid:0 0.963000	8.046000	49.244000	48.661000
tid:0 0.949000	8.089000	49.244000	48.666000
tid:0 0.977000	8.065000	49.230000	48.666000
tid:0 0.930000	8.079000	49.239000	48.633000
tid:0 0.921000	8.089000	49.253000	48.624000
tid:0 0.963000	8.060000	49.230000	48.657000
tid:0 0.912000	8.079000	49.230000	48.633000
tid:0 0.940000	8.028000	49.253000	48.614000
tid:0 0.916000	8.098000	49.225000	48.657000
tid:0 0.930000	8.065000	49.211000	48.624000
tid:0 0.987000	8.103000	49.234000	48.628000
tid:0 0.940000	8.051000	49.239000	48.628000
tid:0 0.996000	8.093000	49.230000	48.605000
tid:0 0.977000	8.046000	49.198000	48.633000
tid:0 0.930000	8.093000	49.215000	48.643000
tid:0 0.926000	8.079000	49.188000	48.624000
tid:0 0.935000	8.079000	49.230000	48.657000
tid:0 0.916000	8.079000	49.215000	48.596000
tid:0 0.963000	8.070000	49.239000	48.619000
tid:0 0.973000	8.070000	48.989000	48.605000
tid:0 0.959000	8.051000	49.207000	48.605000
tid:0 0.949000	8.065000	49.179000	48.619000
tid:0 0.996000	8.032000	49.207000	48.572000
tid:0 1.014000	8.009000	49.151000	48.582000
tid:0 1.005000	8.013000	49.132000	48.596000
tid:0 1.056000	7.985000	49.052000	48.508000
tid:0 1.089000	7.958000	48.978000	48.258000
tid:0 1.339000	8.056000	48.728000	48.008000
tid:0 1.589000	8.158000	48.839000	47.758000
